# JRE version: OpenJDK Runtime Environment (8.0_242-b01) (build 1.8.0_242-release-1644-b01)
# Java VM: OpenJDK 64-Bit Server VM (25.242-b01 mixed mode windows-amd64 compressed oops)
Heap:
 PSYoungGen      total 176128K, used 18152K [0x00000000d5580000, 0x00000000e2800000, 0x0000000100000000)
  eden space 158208K, 11% used [0x00000000d5580000,0x00000000d673a308,0x00000000df000000)
  from space 17920K, 0% used [0x00000000e0180000,0x00000000e0180000,0x00000000e1300000)
  to   space 17920K, 0% used [0x00000000df000000,0x00000000df000000,0x00000000e0180000)
 ParOldGen       total 139776K, used 29531K [0x0000000080000000, 0x0000000088880000, 0x00000000d5580000)
  object space 139776K, 21% used [0x0000000080000000,0x0000000081cd6de8,0x0000000088880000)
 Metaspace       used 57676K, capacity 59734K, committed 59952K, reserved 1101824K
  class space    used 7953K, capacity 8460K, committed 8496K, reserved 1048576K
GC Heap History (10 events):
Event: 9.552 GC heap before
{Heap before GC invocations=11 (full 2):
 PSYoungGen      total 115712K, used 8573K [0x00000000d5580000, 0x00000000df900000, 0x0000000100000000)
  eden space 103424K, 0% used [0x00000000d5580000,0x00000000d5580000,0x00000000dba80000)
  from space 12288K, 69% used [0x00000000dba80000,0x00000000dc2df408,0x00000000dc680000)
  to   space 12288K, 0% used [0x00000000ded00000,0x00000000ded00000,0x00000000df900000)
 ParOldGen       total 59904K, used 9070K [0x0000000080000000, 0x0000000083a80000, 0x00000000d5580000)
  object space 59904K, 15% used [0x0000000080000000,0x00000000808dbb28,0x0000000083a80000)
 Metaspace       used 34546K, capacity 35406K, committed 35496K, reserved 1079296K
  class space    used 4741K, capacity 4974K, committed 5040K, reserved 1048576K
Event: 9.643 GC heap after
Heap after GC invocations=11 (full 2):
 PSYoungGen      total 115712K, used 0K [0x00000000d5580000, 0x00000000df900000, 0x0000000100000000)
  eden space 103424K, 0% used [0x00000000d5580000,0x00000000d5580000,0x00000000dba80000)
  from space 12288K, 0% used [0x00000000dba80000,0x00000000dba80000,0x00000000dc680000)
  to   space 12288K, 0% used [0x00000000ded00000,0x00000000ded00000,0x00000000df900000)
 ParOldGen       total 92160K, used 15154K [0x0000000080000000, 0x0000000085a00000, 0x00000000d5580000)
  object space 92160K, 16% used [0x0000000080000000,0x0000000080ecc8d8,0x0000000085a00000)
 Metaspace       used 34546K, capacity 35406K, committed 35496K, reserved 1079296K
  class space    used 4741K, capacity 4974K, committed 5040K, reserved 1048576K
}
Event: 12.055 GC heap before
{Heap before GC invocations=12 (full 2):
 PSYoungGen      total 115712K, used 103424K [0x00000000d5580000, 0x00000000df900000, 0x0000000100000000)
  eden space 103424K, 100% used [0x00000000d5580000,0x00000000dba80000,0x00000000dba80000)
  from space 12288K, 0% used [0x00000000dba80000,0x00000000dba80000,0x00000000dc680000)
  to   space 12288K, 0% used [0x00000000ded00000,0x00000000ded00000,0x00000000df900000)
 ParOldGen       total 92160K, used 15154K [0x0000000080000000, 0x0000000085a00000, 0x00000000d5580000)
  object space 92160K, 16% used [0x0000000080000000,0x0000000080ecc8d8,0x0000000085a00000)
 Metaspace       used 43378K, capacity 44860K, committed 44976K, reserved 1087488K
  class space    used 5902K, capacity 6266K, committed 6320K, reserved 1048576K
Event: 12.073 GC heap after
Heap after GC invocations=12 (full 2):
 PSYoungGen      total 140800K, used 11804K [0x00000000d5580000, 0x00000000df900000, 0x0000000100000000)
  eden space 128512K, 0% used [0x00000000d5580000,0x00000000d5580000,0x00000000dd300000)
  from space 12288K, 96% used [0x00000000ded00000,0x00000000df8870a8,0x00000000df900000)
  to   space 13312K, 0% used [0x00000000ddf00000,0x00000000ddf00000,0x00000000dec00000)
 ParOldGen       total 92160K, used 15162K [0x0000000080000000, 0x0000000085a00000, 0x00000000d5580000)
  object space 92160K, 16% used [0x0000000080000000,0x0000000080ece8d8,0x0000000085a00000)
 Metaspace       used 43378K, capacity 44860K, committed 44976K, reserved 1087488K
  class space    used 5902K, capacity 6266K, committed 6320K, reserved 1048576K
}
Event: 15.076 GC heap before
{Heap before GC invocations=13 (full 2):
 PSYoungGen      total 140800K, used 140316K [0x00000000d5580000, 0x00000000df900000, 0x0000000100000000)
  eden space 128512K, 100% used [0x00000000d5580000,0x00000000dd300000,0x00000000dd300000)
  from space 12288K, 96% used [0x00000000ded00000,0x00000000df8870a8,0x00000000df900000)
  to   space 13312K, 0% used [0x00000000ddf00000,0x00000000ddf00000,0x00000000dec00000)
 ParOldGen       total 92160K, used 15162K [0x0000000080000000, 0x0000000085a00000, 0x00000000d5580000)
  object space 92160K, 16% used [0x0000000080000000,0x0000000080ece8d8,0x0000000085a00000)
 Metaspace       used 54243K, capacity 56186K, committed 56240K, reserved 1097728K
  class space    used 7393K, capacity 7848K, committed 7856K, reserved 1048576K
Event: 15.108 GC heap after
Heap after GC invocations=13 (full 2):
 PSYoungGen      total 154112K, used 13292K [0x00000000d5580000, 0x00000000e1300000, 0x0000000100000000)
  eden space 140800K, 0% used [0x00000000d5580000,0x00000000d5580000,0x00000000ddf00000)
  from space 13312K, 99% used [0x00000000ddf00000,0x00000000debfb330,0x00000000dec00000)
  to   space 17920K, 0% used [0x00000000e0180000,0x00000000e0180000,0x00000000e1300000)
 ParOldGen       total 92160K, used 23099K [0x0000000080000000, 0x0000000085a00000, 0x00000000d5580000)
  object space 92160K, 25% used [0x0000000080000000,0x000000008168ee78,0x0000000085a00000)
 Metaspace       used 54243K, capacity 56186K, committed 56240K, reserved 1097728K
  class space    used 7393K, capacity 7848K, committed 7856K, reserved 1048576K
}
Event: 16.008 GC heap before
{Heap before GC invocations=14 (full 2):
 PSYoungGen      total 154112K, used 46715K [0x00000000d5580000, 0x00000000e1300000, 0x0000000100000000)
  eden space 140800K, 23% used [0x00000000d5580000,0x00000000d7623aa0,0x00000000ddf00000)
  from space 13312K, 99% used [0x00000000ddf00000,0x00000000debfb330,0x00000000dec00000)
  to   space 17920K, 0% used [0x00000000e0180000,0x00000000e0180000,0x00000000e1300000)
 ParOldGen       total 92160K, used 23099K [0x0000000080000000, 0x0000000085a00000, 0x00000000d5580000)
  object space 92160K, 25% used [0x0000000080000000,0x000000008168ee78,0x0000000085a00000)
 Metaspace       used 57000K, capacity 59048K, committed 59160K, reserved 1099776K
  class space    used 7818K, capacity 8315K, committed 8368K, reserved 1048576K
Event: 16.039 GC heap after
Heap after GC invocations=14 (full 2):
 PSYoungGen      total 176128K, used 11673K [0x00000000d5580000, 0x00000000e2800000, 0x0000000100000000)
  eden space 158208K, 0% used [0x00000000d5580000,0x00000000d5580000,0x00000000df000000)
  from space 17920K, 65% used [0x00000000e0180000,0x00000000e0ce6548,0x00000000e1300000)
  to   space 17920K, 0% used [0x00000000df000000,0x00000000df000000,0x00000000e0180000)
 ParOldGen       total 92160K, used 28084K [0x0000000080000000, 0x0000000085a00000, 0x00000000d5580000)
  object space 92160K, 30% used [0x0000000080000000,0x0000000081b6d1d0,0x0000000085a00000)
 Metaspace       used 57000K, capacity 59048K, committed 59160K, reserved 1099776K
  class space    used 7818K, capacity 8315K, committed 8368K, reserved 1048576K
}
Event: 16.040 GC heap before
{Heap before GC invocations=15 (full 3):
 PSYoungGen      total 176128K, used 11673K [0x00000000d5580000, 0x00000000e2800000, 0x0000000100000000)
  eden space 158208K, 0% used [0x00000000d5580000,0x00000000d5580000,0x00000000df000000)
  from space 17920K, 65% used [0x00000000e0180000,0x00000000e0ce6548,0x00000000e1300000)
  to   space 17920K, 0% used [0x00000000df000000,0x00000000df000000,0x00000000e0180000)
 ParOldGen       total 92160K, used 28084K [0x0000000080000000, 0x0000000085a00000, 0x00000000d5580000)
  object space 92160K, 30% used [0x0000000080000000,0x0000000081b6d1d0,0x0000000085a00000)
 Metaspace       used 57000K, capacity 59048K, committed 59160K, reserved 1099776K
  class space    used 7818K, capacity 8315K, committed 8368K, reserved 1048576K
Event: 16.556 GC heap after
Heap after GC invocations=15 (full 3):
 PSYoungGen      total 176128K, used 0K [0x00000000d5580000, 0x00000000e2800000, 0x0000000100000000)
  eden space 158208K, 0% used [0x00000000d5580000,0x00000000d5580000,0x00000000df000000)
  from space 17920K, 0% used [0x00000000e0180000,0x00000000e0180000,0x00000000e1300000)
  to   space 17920K, 0% used [0x00000000df000000,0x00000000df000000,0x00000000e0180000)
 ParOldGen       total 139776K, used 29531K [0x0000000080000000, 0x0000000088880000, 0x00000000d5580000)
  object space 139776K, 21% used [0x0000000080000000,0x0000000081cd6de8,0x0000000088880000)
 Metaspace       used 56979K, capacity 58976K, committed 59160K, reserved 1099776K
  class space    used 7812K, capacity 8303K, committed 8368K, reserved 1048576K
}

