# JRE version: OpenJDK Runtime Environment (8.0_242-b01) (build 1.8.0_242-release-1644-b01)
# Java VM: OpenJDK 64-Bit Server VM (25.242-b01 mixed mode windows-amd64 compressed oops)
Heap:
 PSYoungGen      total 143360K, used 85608K [0x00000000d5580000, 0x00000000df380000, 0x0000000100000000)
  eden space 131584K, 56% used [0x00000000d5580000,0x00000000d9da0710,0x00000000dd600000)
  from space 11776K, 99% used [0x00000000de800000,0x00000000df379978,0x00000000df380000)
  to   space 13312K, 0% used [0x00000000dd980000,0x00000000dd980000,0x00000000de680000)
 ParOldGen       total 89088K, used 16290K [0x0000000080000000, 0x0000000085700000, 0x00000000d5580000)
  object space 89088K, 18% used [0x0000000080000000,0x0000000080fe8890,0x0000000085700000)
 Metaspace       used 49446K, capacity 51182K, committed 51368K, reserved 1093632K
  class space    used 6621K, capacity 7052K, committed 7088K, reserved 1048576K
GC Heap History (10 events):
Event: 6.538 GC heap before
{Heap before GC invocations=8 (full 1):
 PSYoungGen      total 76288K, used 66048K [0x00000000d5580000, 0x00000000dab80000, 0x0000000100000000)
  eden space 66048K, 100% used [0x00000000d5580000,0x00000000d9600000,0x00000000d9600000)
  from space 10240K, 0% used [0x00000000da080000,0x00000000da080000,0x00000000daa80000)
  to   space 10752K, 0% used [0x00000000d9600000,0x00000000d9600000,0x00000000da080000)
 ParOldGen       total 59904K, used 8853K [0x0000000080000000, 0x0000000083a80000, 0x00000000d5580000)
  object space 59904K, 14% used [0x0000000080000000,0x00000000808a5790,0x0000000083a80000)
 Metaspace       used 28215K, capacity 28928K, committed 29232K, reserved 1075200K
  class space    used 3897K, capacity 4131K, committed 4144K, reserved 1048576K
Event: 6.555 GC heap after
Heap after GC invocations=8 (full 1):
 PSYoungGen      total 76800K, used 8371K [0x00000000d5580000, 0x00000000dd280000, 0x0000000100000000)
  eden space 66048K, 0% used [0x00000000d5580000,0x00000000d5580000,0x00000000d9600000)
  from space 10752K, 77% used [0x00000000d9600000,0x00000000d9e2ce48,0x00000000da080000)
  to   space 11264K, 0% used [0x00000000dc780000,0x00000000dc780000,0x00000000dd280000)
 ParOldGen       total 59904K, used 8861K [0x0000000080000000, 0x0000000083a80000, 0x00000000d5580000)
  object space 59904K, 14% used [0x0000000080000000,0x00000000808a7790,0x0000000083a80000)
 Metaspace       used 28215K, capacity 28928K, committed 29232K, reserved 1075200K
  class space    used 3897K, capacity 4131K, committed 4144K, reserved 1048576K
}
Event: 8.281 GC heap before
{Heap before GC invocations=9 (full 1):
 PSYoungGen      total 76800K, used 74419K [0x00000000d5580000, 0x00000000dd280000, 0x0000000100000000)
  eden space 66048K, 100% used [0x00000000d5580000,0x00000000d9600000,0x00000000d9600000)
  from space 10752K, 77% used [0x00000000d9600000,0x00000000d9e2ce48,0x00000000da080000)
  to   space 11264K, 0% used [0x00000000dc780000,0x00000000dc780000,0x00000000dd280000)
 ParOldGen       total 59904K, used 8861K [0x0000000080000000, 0x0000000083a80000, 0x00000000d5580000)
  object space 59904K, 14% used [0x0000000080000000,0x00000000808a7790,0x0000000083a80000)
 Metaspace       used 32342K, capacity 33196K, committed 33456K, reserved 1077248K
  class space    used 4424K, capacity 4677K, committed 4784K, reserved 1048576K
Event: 8.301 GC heap after
Heap after GC invocations=9 (full 1):
 PSYoungGen      total 114688K, used 8753K [0x00000000d5580000, 0x00000000dd200000, 0x0000000100000000)
  eden space 103936K, 0% used [0x00000000d5580000,0x00000000d5580000,0x00000000dbb00000)
  from space 10752K, 81% used [0x00000000dc780000,0x00000000dd00c668,0x00000000dd200000)
  to   space 11776K, 0% used [0x00000000dbb00000,0x00000000dbb00000,0x00000000dc680000)
 ParOldGen       total 59904K, used 8869K [0x0000000080000000, 0x0000000083a80000, 0x00000000d5580000)
  object space 59904K, 14% used [0x0000000080000000,0x00000000808a9790,0x0000000083a80000)
 Metaspace       used 32342K, capacity 33196K, committed 33456K, reserved 1077248K
  class space    used 4424K, capacity 4677K, committed 4784K, reserved 1048576K
}
Event: 9.853 GC heap before
{Heap before GC invocations=10 (full 1):
 PSYoungGen      total 114688K, used 55633K [0x00000000d5580000, 0x00000000dd200000, 0x0000000100000000)
  eden space 103936K, 45% used [0x00000000d5580000,0x00000000d8348178,0x00000000dbb00000)
  from space 10752K, 81% used [0x00000000dc780000,0x00000000dd00c668,0x00000000dd200000)
  to   space 11776K, 0% used [0x00000000dbb00000,0x00000000dbb00000,0x00000000dc680000)
 ParOldGen       total 59904K, used 8869K [0x0000000080000000, 0x0000000083a80000, 0x00000000d5580000)
  object space 59904K, 14% used [0x0000000080000000,0x00000000808a9790,0x0000000083a80000)
 Metaspace       used 34529K, capacity 35410K, committed 35496K, reserved 1079296K
  class space    used 4740K, capacity 4974K, committed 5040K, reserved 1048576K
Event: 9.868 GC heap after
Heap after GC invocations=10 (full 1):
 PSYoungGen      total 115712K, used 8667K [0x00000000d5580000, 0x00000000df380000, 0x0000000100000000)
  eden space 103936K, 0% used [0x00000000d5580000,0x00000000d5580000,0x00000000dbb00000)
  from space 11776K, 73% used [0x00000000dbb00000,0x00000000dc376f58,0x00000000dc680000)
  to   space 11776K, 0% used [0x00000000de800000,0x00000000de800000,0x00000000df380000)
 ParOldGen       total 59904K, used 8877K [0x0000000080000000, 0x0000000083a80000, 0x00000000d5580000)
  object space 59904K, 14% used [0x0000000080000000,0x00000000808ab790,0x0000000083a80000)
 Metaspace       used 34529K, capacity 35410K, committed 35496K, reserved 1079296K
  class space    used 4740K, capacity 4974K, committed 5040K, reserved 1048576K
}
Event: 9.868 GC heap before
{Heap before GC invocations=11 (full 2):
 PSYoungGen      total 115712K, used 8667K [0x00000000d5580000, 0x00000000df380000, 0x0000000100000000)
  eden space 103936K, 0% used [0x00000000d5580000,0x00000000d5580000,0x00000000dbb00000)
  from space 11776K, 73% used [0x00000000dbb00000,0x00000000dc376f58,0x00000000dc680000)
  to   space 11776K, 0% used [0x00000000de800000,0x00000000de800000,0x00000000df380000)
 ParOldGen       total 59904K, used 8877K [0x0000000080000000, 0x0000000083a80000, 0x00000000d5580000)
  object space 59904K, 14% used [0x0000000080000000,0x00000000808ab790,0x0000000083a80000)
 Metaspace       used 34529K, capacity 35410K, committed 35496K, reserved 1079296K
  class space    used 4740K, capacity 4974K, committed 5040K, reserved 1048576K
Event: 9.943 GC heap after
Heap after GC invocations=11 (full 2):
 PSYoungGen      total 115712K, used 0K [0x00000000d5580000, 0x00000000df380000, 0x0000000100000000)
  eden space 103936K, 0% used [0x00000000d5580000,0x00000000d5580000,0x00000000dbb00000)
  from space 11776K, 0% used [0x00000000dbb00000,0x00000000dbb00000,0x00000000dc680000)
  to   space 11776K, 0% used [0x00000000de800000,0x00000000de800000,0x00000000df380000)
 ParOldGen       total 89088K, used 15224K [0x0000000080000000, 0x0000000085700000, 0x00000000d5580000)
  object space 89088K, 17% used [0x0000000080000000,0x0000000080ede078,0x0000000085700000)
 Metaspace       used 34529K, capacity 35410K, committed 35496K, reserved 1079296K
  class space    used 4740K, capacity 4974K, committed 5040K, reserved 1048576K
}
Event: 21.763 GC heap before
{Heap before GC invocations=12 (full 2):
 PSYoungGen      total 115712K, used 103936K [0x00000000d5580000, 0x00000000df380000, 0x0000000100000000)
  eden space 103936K, 100% used [0x00000000d5580000,0x00000000dbb00000,0x00000000dbb00000)
  from space 11776K, 0% used [0x00000000dbb00000,0x00000000dbb00000,0x00000000dc680000)
  to   space 11776K, 0% used [0x00000000de800000,0x00000000de800000,0x00000000df380000)
 ParOldGen       total 89088K, used 15224K [0x0000000080000000, 0x0000000085700000, 0x00000000d5580000)
  object space 89088K, 17% used [0x0000000080000000,0x0000000080ede078,0x0000000085700000)
 Metaspace       used 43977K, capacity 45466K, committed 45608K, reserved 1089536K
  class space    used 5965K, capacity 6335K, committed 6448K, reserved 1048576K
Event: 21.794 GC heap after
Heap after GC invocations=12 (full 2):
 PSYoungGen      total 143360K, used 11750K [0x00000000d5580000, 0x00000000df380000, 0x0000000100000000)
  eden space 131584K, 0% used [0x00000000d5580000,0x00000000d5580000,0x00000000dd600000)
  from space 11776K, 99% used [0x00000000de800000,0x00000000df379978,0x00000000df380000)
  to   space 13312K, 0% used [0x00000000dd980000,0x00000000dd980000,0x00000000de680000)
 ParOldGen       total 89088K, used 16290K [0x0000000080000000, 0x0000000085700000, 0x00000000d5580000)
  object space 89088K, 18% used [0x0000000080000000,0x0000000080fe8890,0x0000000085700000)
 Metaspace       used 43977K, capacity 45466K, committed 45608K, reserved 1089536K
  class space    used 5965K, capacity 6335K, committed 6448K, reserved 1048576K
}

