# JRE version: OpenJDK Runtime Environment (8.0_242-b01) (build 1.8.0_242-release-1644-b01)
# Java VM: OpenJDK 64-Bit Server VM (25.242-b01 mixed mode windows-amd64 compressed oops)
Heap:
 PSYoungGen      total 171520K, used 23224K [0x00000000d5580000, 0x00000000e2080000, 0x0000000100000000)
  eden space 154112K, 15% used [0x00000000d5580000,0x00000000d6c2e118,0x00000000dec00000)
  from space 17408K, 0% used [0x00000000dff00000,0x00000000dff00000,0x00000000e1000000)
  to   space 19456K, 0% used [0x00000000dec00000,0x00000000dec00000,0x00000000dff00000)
 ParOldGen       total 144384K, used 29975K [0x0000000080000000, 0x0000000088d00000, 0x00000000d5580000)
  object space 144384K, 20% used [0x0000000080000000,0x0000000081d45de8,0x0000000088d00000)
 Metaspace       used 57836K, capacity 59912K, committed 59952K, reserved 1101824K
  class space    used 7968K, capacity 8467K, committed 8496K, reserved 1048576K
GC Heap History (10 events):
Event: 8.639 GC heap before
{Heap before GC invocations=11 (full 2):
 PSYoungGen      total 111616K, used 8713K [0x00000000d5580000, 0x00000000def80000, 0x0000000100000000)
  eden space 99840K, 0% used [0x00000000d5580000,0x00000000d5580000,0x00000000db700000)
  from space 11776K, 73% used [0x00000000db700000,0x00000000dbf825a0,0x00000000dc280000)
  to   space 11776K, 0% used [0x00000000de400000,0x00000000de400000,0x00000000def80000)
 ParOldGen       total 61952K, used 8890K [0x0000000080000000, 0x0000000083c80000, 0x00000000d5580000)
  object space 61952K, 14% used [0x0000000080000000,0x00000000808aeab8,0x0000000083c80000)
 Metaspace       used 34554K, capacity 35410K, committed 35496K, reserved 1079296K
  class space    used 4741K, capacity 4974K, committed 5040K, reserved 1048576K
Event: 8.717 GC heap after
Heap after GC invocations=11 (full 2):
 PSYoungGen      total 111616K, used 0K [0x00000000d5580000, 0x00000000def80000, 0x0000000100000000)
  eden space 99840K, 0% used [0x00000000d5580000,0x00000000d5580000,0x00000000db700000)
  from space 11776K, 0% used [0x00000000db700000,0x00000000db700000,0x00000000dc280000)
  to   space 11776K, 0% used [0x00000000de400000,0x00000000de400000,0x00000000def80000)
 ParOldGen       total 95232K, used 15227K [0x0000000080000000, 0x0000000085d00000, 0x00000000d5580000)
  object space 95232K, 15% used [0x0000000080000000,0x0000000080edef28,0x0000000085d00000)
 Metaspace       used 34554K, capacity 35410K, committed 35496K, reserved 1079296K
  class space    used 4741K, capacity 4974K, committed 5040K, reserved 1048576K
}
Event: 11.254 GC heap before
{Heap before GC invocations=12 (full 2):
 PSYoungGen      total 111616K, used 99840K [0x00000000d5580000, 0x00000000def80000, 0x0000000100000000)
  eden space 99840K, 100% used [0x00000000d5580000,0x00000000db700000,0x00000000db700000)
  from space 11776K, 0% used [0x00000000db700000,0x00000000db700000,0x00000000dc280000)
  to   space 11776K, 0% used [0x00000000de400000,0x00000000de400000,0x00000000def80000)
 ParOldGen       total 95232K, used 15227K [0x0000000080000000, 0x0000000085d00000, 0x00000000d5580000)
  object space 95232K, 15% used [0x0000000080000000,0x0000000080edef28,0x0000000085d00000)
 Metaspace       used 43179K, capacity 44744K, committed 44976K, reserved 1087488K
  class space    used 5865K, capacity 6230K, committed 6320K, reserved 1048576K
Event: 11.277 GC heap after
Heap after GC invocations=12 (full 2):
 PSYoungGen      total 136704K, used 11426K [0x00000000d5580000, 0x00000000def80000, 0x0000000100000000)
  eden space 124928K, 0% used [0x00000000d5580000,0x00000000d5580000,0x00000000dcf80000)
  from space 11776K, 97% used [0x00000000de400000,0x00000000def28930,0x00000000def80000)
  to   space 12800K, 0% used [0x00000000dd680000,0x00000000dd680000,0x00000000de300000)
 ParOldGen       total 95232K, used 15235K [0x0000000080000000, 0x0000000085d00000, 0x00000000d5580000)
  object space 95232K, 15% used [0x0000000080000000,0x0000000080ee0f28,0x0000000085d00000)
 Metaspace       used 43179K, capacity 44744K, committed 44976K, reserved 1087488K
  class space    used 5865K, capacity 6230K, committed 6320K, reserved 1048576K
}
Event: 14.162 GC heap before
{Heap before GC invocations=13 (full 2):
 PSYoungGen      total 136704K, used 136354K [0x00000000d5580000, 0x00000000def80000, 0x0000000100000000)
  eden space 124928K, 100% used [0x00000000d5580000,0x00000000dcf80000,0x00000000dcf80000)
  from space 11776K, 97% used [0x00000000de400000,0x00000000def28930,0x00000000def80000)
  to   space 12800K, 0% used [0x00000000dd680000,0x00000000dd680000,0x00000000de300000)
 ParOldGen       total 95232K, used 15235K [0x0000000080000000, 0x0000000085d00000, 0x00000000d5580000)
  object space 95232K, 15% used [0x0000000080000000,0x0000000080ee0f28,0x0000000085d00000)
 Metaspace       used 53654K, capacity 55622K, committed 55984K, reserved 1097728K
  class space    used 7300K, capacity 7740K, committed 7856K, reserved 1048576K
Event: 14.197 GC heap after
Heap after GC invocations=13 (full 2):
 PSYoungGen      total 144896K, used 12772K [0x00000000d5580000, 0x00000000e1000000, 0x0000000100000000)
  eden space 132096K, 0% used [0x00000000d5580000,0x00000000d5580000,0x00000000dd680000)
  from space 12800K, 99% used [0x00000000dd680000,0x00000000de2f9310,0x00000000de300000)
  to   space 17408K, 0% used [0x00000000dff00000,0x00000000dff00000,0x00000000e1000000)
 ParOldGen       total 95232K, used 23248K [0x0000000080000000, 0x0000000085d00000, 0x00000000d5580000)
  object space 95232K, 24% used [0x0000000080000000,0x00000000816b40b0,0x0000000085d00000)
 Metaspace       used 53654K, capacity 55622K, committed 55984K, reserved 1097728K
  class space    used 7300K, capacity 7740K, committed 7856K, reserved 1048576K
}
Event: 15.224 GC heap before
{Heap before GC invocations=14 (full 2):
 PSYoungGen      total 144896K, used 55783K [0x00000000d5580000, 0x00000000e1000000, 0x0000000100000000)
  eden space 132096K, 32% used [0x00000000d5580000,0x00000000d7f80a48,0x00000000dd680000)
  from space 12800K, 99% used [0x00000000dd680000,0x00000000de2f9310,0x00000000de300000)
  to   space 17408K, 0% used [0x00000000dff00000,0x00000000dff00000,0x00000000e1000000)
 ParOldGen       total 95232K, used 23248K [0x0000000080000000, 0x0000000085d00000, 0x00000000d5580000)
  object space 95232K, 24% used [0x0000000080000000,0x00000000816b40b0,0x0000000085d00000)
 Metaspace       used 57023K, capacity 59060K, committed 59160K, reserved 1099776K
  class space    used 7829K, capacity 8323K, committed 8368K, reserved 1048576K
Event: 15.249 GC heap after
Heap after GC invocations=14 (full 2):
 PSYoungGen      total 171520K, used 16816K [0x00000000d5580000, 0x00000000e2080000, 0x0000000100000000)
  eden space 154112K, 0% used [0x00000000d5580000,0x00000000d5580000,0x00000000dec00000)
  from space 17408K, 96% used [0x00000000dff00000,0x00000000e0f6c258,0x00000000e1000000)
  to   space 19456K, 0% used [0x00000000dec00000,0x00000000dec00000,0x00000000dff00000)
 ParOldGen       total 95232K, used 23256K [0x0000000080000000, 0x0000000085d00000, 0x00000000d5580000)
  object space 95232K, 24% used [0x0000000080000000,0x00000000816b60b0,0x0000000085d00000)
 Metaspace       used 57023K, capacity 59060K, committed 59160K, reserved 1099776K
  class space    used 7829K, capacity 8323K, committed 8368K, reserved 1048576K
}
Event: 15.249 GC heap before
{Heap before GC invocations=15 (full 3):
 PSYoungGen      total 171520K, used 16816K [0x00000000d5580000, 0x00000000e2080000, 0x0000000100000000)
  eden space 154112K, 0% used [0x00000000d5580000,0x00000000d5580000,0x00000000dec00000)
  from space 17408K, 96% used [0x00000000dff00000,0x00000000e0f6c258,0x00000000e1000000)
  to   space 19456K, 0% used [0x00000000dec00000,0x00000000dec00000,0x00000000dff00000)
 ParOldGen       total 95232K, used 23256K [0x0000000080000000, 0x0000000085d00000, 0x00000000d5580000)
  object space 95232K, 24% used [0x0000000080000000,0x00000000816b60b0,0x0000000085d00000)
 Metaspace       used 57023K, capacity 59060K, committed 59160K, reserved 1099776K
  class space    used 7829K, capacity 8323K, committed 8368K, reserved 1048576K
Event: 15.744 GC heap after
Heap after GC invocations=15 (full 3):
 PSYoungGen      total 171520K, used 0K [0x00000000d5580000, 0x00000000e2080000, 0x0000000100000000)
  eden space 154112K, 0% used [0x00000000d5580000,0x00000000d5580000,0x00000000dec00000)
  from space 17408K, 0% used [0x00000000dff00000,0x00000000dff00000,0x00000000e1000000)
  to   space 19456K, 0% used [0x00000000dec00000,0x00000000dec00000,0x00000000dff00000)
 ParOldGen       total 144384K, used 29975K [0x0000000080000000, 0x0000000088d00000, 0x00000000d5580000)
  object space 144384K, 20% used [0x0000000080000000,0x0000000081d45de8,0x0000000088d00000)
 Metaspace       used 57004K, capacity 58994K, committed 59160K, reserved 1099776K
  class space    used 7823K, capacity 8312K, committed 8368K, reserved 1048576K
}

