# JRE version: OpenJDK Runtime Environment (8.0_242-b01) (build 1.8.0_242-release-1644-b01)
# Java VM: OpenJDK 64-Bit Server VM (25.242-b01 mixed mode windows-amd64 compressed oops)
Heap:
 PSYoungGen      total 238592K, used 177644K [0x00000000d5580000, 0x00000000e6e00000, 0x0000000100000000)
  eden space 204800K, 86% used [0x00000000d5580000,0x00000000e02fb028,0x00000000e1d80000)
  from space 33792K, 0% used [0x00000000e1d80000,0x00000000e1d80000,0x00000000e3e80000)
  to   space 32256K, 0% used [0x00000000e4e80000,0x00000000e4e80000,0x00000000e6e00000)
 ParOldGen       total 207360K, used 43130K [0x0000000080000000, 0x000000008ca80000, 0x00000000d5580000)
  object space 207360K, 20% used [0x0000000080000000,0x0000000082a1ea98,0x000000008ca80000)
 Metaspace       used 93213K, capacity 97412K, committed 99496K, reserved 1134592K
  class space    used 12326K, capacity 13145K, committed 13616K, reserved 1048576K
GC Heap History (10 events):
Event: 46.624 GC heap before
{Heap before GC invocations=19 (full 3):
 PSYoungGen      total 197632K, used 193901K [0x00000000d5580000, 0x00000000e4580000, 0x0000000100000000)
  eden space 176128K, 99% used [0x00000000d5580000,0x00000000e017db58,0x00000000e0180000)
  from space 21504K, 82% used [0x00000000e0180000,0x00000000e12dda88,0x00000000e1680000)
  to   space 23040K, 0% used [0x00000000e2f00000,0x00000000e2f00000,0x00000000e4580000)
 ParOldGen       total 143360K, used 30047K [0x0000000080000000, 0x0000000088c00000, 0x00000000d5580000)
  object space 143360K, 20% used [0x0000000080000000,0x0000000081d57fe8,0x0000000088c00000)
 Metaspace       used 82512K, capacity 86808K, committed 86832K, reserved 1124352K
  class space    used 11226K, capacity 12059K, committed 12080K, reserved 1048576K
Event: 46.681 GC heap after
Heap after GC invocations=19 (full 3):
 PSYoungGen      total 216064K, used 23028K [0x00000000d5580000, 0x00000000e5080000, 0x0000000100000000)
  eden space 193024K, 0% used [0x00000000d5580000,0x00000000d5580000,0x00000000e1200000)
  from space 23040K, 99% used [0x00000000e2f00000,0x00000000e457d288,0x00000000e4580000)
  to   space 29696K, 0% used [0x00000000e1200000,0x00000000e1200000,0x00000000e2f00000)
 ParOldGen       total 143360K, used 39611K [0x0000000080000000, 0x0000000088c00000, 0x00000000d5580000)
  object space 143360K, 27% used [0x0000000080000000,0x00000000826aef88,0x0000000088c00000)
 Metaspace       used 82512K, capacity 86808K, committed 86832K, reserved 1124352K
  class space    used 11226K, capacity 12059K, committed 12080K, reserved 1048576K
}
Event: 51.630 GC heap before
{Heap before GC invocations=20 (full 3):
 PSYoungGen      total 216064K, used 216042K [0x00000000d5580000, 0x00000000e5080000, 0x0000000100000000)
  eden space 193024K, 99% used [0x00000000d5580000,0x00000000e11fd960,0x00000000e1200000)
  from space 23040K, 99% used [0x00000000e2f00000,0x00000000e457d288,0x00000000e4580000)
  to   space 29696K, 0% used [0x00000000e1200000,0x00000000e1200000,0x00000000e2f00000)
 ParOldGen       total 143360K, used 39611K [0x0000000080000000, 0x0000000088c00000, 0x00000000d5580000)
  object space 143360K, 27% used [0x0000000080000000,0x00000000826aef88,0x0000000088c00000)
 Metaspace       used 86515K, capacity 91456K, committed 91568K, reserved 1128448K
  class space    used 11755K, capacity 12631K, committed 12720K, reserved 1048576K
Event: 51.664 GC heap after
Heap after GC invocations=20 (full 3):
 PSYoungGen      total 222720K, used 29686K [0x00000000d5580000, 0x00000000e6500000, 0x0000000100000000)
  eden space 193024K, 0% used [0x00000000d5580000,0x00000000d5580000,0x00000000e1200000)
  from space 29696K, 99% used [0x00000000e1200000,0x00000000e2efd868,0x00000000e2f00000)
  to   space 34816K, 0% used [0x00000000e4300000,0x00000000e4300000,0x00000000e6500000)
 ParOldGen       total 143360K, used 40962K [0x0000000080000000, 0x0000000088c00000, 0x00000000d5580000)
  object space 143360K, 28% used [0x0000000080000000,0x0000000082800be0,0x0000000088c00000)
 Metaspace       used 86515K, capacity 91456K, committed 91568K, reserved 1128448K
  class space    used 11755K, capacity 12631K, committed 12720K, reserved 1048576K
}
Event: 360.247 GC heap before
{Heap before GC invocations=21 (full 3):
 PSYoungGen      total 222720K, used 222710K [0x00000000d5580000, 0x00000000e6500000, 0x0000000100000000)
  eden space 193024K, 100% used [0x00000000d5580000,0x00000000e1200000,0x00000000e1200000)
  from space 29696K, 99% used [0x00000000e1200000,0x00000000e2efd868,0x00000000e2f00000)
  to   space 34816K, 0% used [0x00000000e4300000,0x00000000e4300000,0x00000000e6500000)
 ParOldGen       total 143360K, used 40962K [0x0000000080000000, 0x0000000088c00000, 0x00000000d5580000)
  object space 143360K, 28% used [0x0000000080000000,0x0000000082800be0,0x0000000088c00000)
 Metaspace       used 93110K, capacity 98456K, committed 98600K, reserved 1134592K
  class space    used 12517K, capacity 13455K, committed 13488K, reserved 1048576K
Event: 360.301 GC heap after
Heap after GC invocations=21 (full 3):
 PSYoungGen      total 233984K, used 17844K [0x00000000d5580000, 0x00000000e5f80000, 0x0000000100000000)
  eden space 204800K, 0% used [0x00000000d5580000,0x00000000d5580000,0x00000000e1d80000)
  from space 29184K, 61% used [0x00000000e4300000,0x00000000e546d328,0x00000000e5f80000)
  to   space 33792K, 0% used [0x00000000e1d80000,0x00000000e1d80000,0x00000000e3e80000)
 ParOldGen       total 143360K, used 50253K [0x0000000080000000, 0x0000000088c00000, 0x00000000d5580000)
  object space 143360K, 35% used [0x0000000080000000,0x0000000083113590,0x0000000088c00000)
 Metaspace       used 93110K, capacity 98456K, committed 98600K, reserved 1134592K
  class space    used 12517K, capacity 13455K, committed 13488K, reserved 1048576K
}
Event: 360.951 GC heap before
{Heap before GC invocations=22 (full 3):
 PSYoungGen      total 233984K, used 31623K [0x00000000d5580000, 0x00000000e5f80000, 0x0000000100000000)
  eden space 204800K, 6% used [0x00000000d5580000,0x00000000d62f4998,0x00000000e1d80000)
  from space 29184K, 61% used [0x00000000e4300000,0x00000000e546d328,0x00000000e5f80000)
  to   space 33792K, 0% used [0x00000000e1d80000,0x00000000e1d80000,0x00000000e3e80000)
 ParOldGen       total 143360K, used 50253K [0x0000000080000000, 0x0000000088c00000, 0x00000000d5580000)
  object space 143360K, 35% used [0x0000000080000000,0x0000000083113590,0x0000000088c00000)
 Metaspace       used 93268K, capacity 98570K, committed 98600K, reserved 1134592K
  class space    used 12521K, capacity 13462K, committed 13488K, reserved 1048576K
Event: 360.963 GC heap after
Heap after GC invocations=22 (full 3):
 PSYoungGen      total 238592K, used 11853K [0x00000000d5580000, 0x00000000e6e00000, 0x0000000100000000)
  eden space 204800K, 0% used [0x00000000d5580000,0x00000000d5580000,0x00000000e1d80000)
  from space 33792K, 35% used [0x00000000e1d80000,0x00000000e2913768,0x00000000e3e80000)
  to   space 32256K, 0% used [0x00000000e4e80000,0x00000000e4e80000,0x00000000e6e00000)
 ParOldGen       total 143360K, used 50261K [0x0000000080000000, 0x0000000088c00000, 0x00000000d5580000)
  object space 143360K, 35% used [0x0000000080000000,0x0000000083115590,0x0000000088c00000)
 Metaspace       used 93268K, capacity 98570K, committed 98600K, reserved 1134592K
  class space    used 12521K, capacity 13462K, committed 13488K, reserved 1048576K
}
Event: 360.963 GC heap before
{Heap before GC invocations=23 (full 4):
 PSYoungGen      total 238592K, used 11853K [0x00000000d5580000, 0x00000000e6e00000, 0x0000000100000000)
  eden space 204800K, 0% used [0x00000000d5580000,0x00000000d5580000,0x00000000e1d80000)
  from space 33792K, 35% used [0x00000000e1d80000,0x00000000e2913768,0x00000000e3e80000)
  to   space 32256K, 0% used [0x00000000e4e80000,0x00000000e4e80000,0x00000000e6e00000)
 ParOldGen       total 143360K, used 50261K [0x0000000080000000, 0x0000000088c00000, 0x00000000d5580000)
  object space 143360K, 35% used [0x0000000080000000,0x0000000083115590,0x0000000088c00000)
 Metaspace       used 93268K, capacity 98570K, committed 98600K, reserved 1134592K
  class space    used 12521K, capacity 13462K, committed 13488K, reserved 1048576K
Event: 361.206 GC heap after
Heap after GC invocations=23 (full 4):
 PSYoungGen      total 238592K, used 0K [0x00000000d5580000, 0x00000000e6e00000, 0x0000000100000000)
  eden space 204800K, 0% used [0x00000000d5580000,0x00000000d5580000,0x00000000e1d80000)
  from space 33792K, 0% used [0x00000000e1d80000,0x00000000e1d80000,0x00000000e3e80000)
  to   space 32256K, 0% used [0x00000000e4e80000,0x00000000e4e80000,0x00000000e6e00000)
 ParOldGen       total 207360K, used 43130K [0x0000000080000000, 0x000000008ca80000, 0x00000000d5580000)
  object space 207360K, 20% used [0x0000000080000000,0x0000000082a1ea98,0x000000008ca80000)
 Metaspace       used 92545K, capacity 96554K, committed 98600K, reserved 1134592K
  class space    used 12278K, capacity 13036K, committed 13488K, reserved 1048576K
}

