# JRE version: OpenJDK Runtime Environment (8.0_242-b01) (build 1.8.0_242-release-1644-b01)
# Java VM: OpenJDK 64-Bit Server VM (25.242-b01 mixed mode windows-amd64 compressed oops)
Heap:
 PSYoungGen      total 211968K, used 92770K [0x00000000d5580000, 0x00000000e5600000, 0x0000000100000000)
  eden space 173056K, 53% used [0x00000000d5580000,0x00000000db018968,0x00000000dfe80000)
  from space 38912K, 0% used [0x00000000dfe80000,0x00000000dfe80000,0x00000000e2480000)
  to   space 38400K, 0% used [0x00000000e3080000,0x00000000e3080000,0x00000000e5600000)
 ParOldGen       total 150016K, used 52351K [0x0000000080000000, 0x0000000089280000, 0x00000000d5580000)
  object space 150016K, 34% used [0x0000000080000000,0x000000008331fc10,0x0000000089280000)
 Metaspace       used 93341K, capacity 97841K, committed 99788K, reserved 1134592K
  class space    used 12453K, capacity 13355K, committed 13772K, reserved 1048576K
GC Heap History (10 events):
Event: 21.746 GC heap before
{Heap before GC invocations=17 (full 3):
 PSYoungGen      total 164864K, used 156006K [0x00000000d5580000, 0x00000000e1e80000, 0x0000000100000000)
  eden space 144896K, 100% used [0x00000000d5580000,0x00000000de300000,0x00000000de300000)
  from space 19968K, 55% used [0x00000000de300000,0x00000000dedd9838,0x00000000df680000)
  to   space 19456K, 0% used [0x00000000e0b80000,0x00000000e0b80000,0x00000000e1e80000)
 ParOldGen       total 150016K, used 34144K [0x0000000080000000, 0x0000000089280000, 0x00000000d5580000)
  object space 150016K, 22% used [0x0000000080000000,0x00000000821583b8,0x0000000089280000)
 Metaspace       used 71986K, capacity 75264K, committed 75520K, reserved 1114112K
  class space    used 9868K, capacity 10489K, committed 10496K, reserved 1048576K
Event: 21.775 GC heap after
Heap after GC invocations=17 (full 3):
 PSYoungGen      total 183296K, used 19451K [0x00000000d5580000, 0x00000000e2400000, 0x0000000100000000)
  eden space 163840K, 0% used [0x00000000d5580000,0x00000000d5580000,0x00000000df580000)
  from space 19456K, 99% used [0x00000000e0b80000,0x00000000e1e7ef90,0x00000000e1e80000)
  to   space 22528K, 0% used [0x00000000df580000,0x00000000df580000,0x00000000e0b80000)
 ParOldGen       total 150016K, used 35741K [0x0000000080000000, 0x0000000089280000, 0x00000000d5580000)
  object space 150016K, 23% used [0x0000000080000000,0x00000000822e7590,0x0000000089280000)
 Metaspace       used 71986K, capacity 75264K, committed 75520K, reserved 1114112K
  class space    used 9868K, capacity 10489K, committed 10496K, reserved 1048576K
}
Event: 160.300 GC heap before
{Heap before GC invocations=18 (full 3):
 PSYoungGen      total 183296K, used 183291K [0x00000000d5580000, 0x00000000e2400000, 0x0000000100000000)
  eden space 163840K, 100% used [0x00000000d5580000,0x00000000df580000,0x00000000df580000)
  from space 19456K, 99% used [0x00000000e0b80000,0x00000000e1e7ef90,0x00000000e1e80000)
  to   space 22528K, 0% used [0x00000000df580000,0x00000000df580000,0x00000000e0b80000)
 ParOldGen       total 150016K, used 35741K [0x0000000080000000, 0x0000000089280000, 0x00000000d5580000)
  object space 150016K, 23% used [0x0000000080000000,0x00000000822e7590,0x0000000089280000)
 Metaspace       used 80717K, capacity 84542K, committed 84736K, reserved 1122304K
  class space    used 10753K, capacity 11501K, committed 11520K, reserved 1048576K
Event: 160.342 GC heap after
Heap after GC invocations=18 (full 3):
 PSYoungGen      total 186368K, used 22514K [0x00000000d5580000, 0x00000000e4080000, 0x0000000100000000)
  eden space 163840K, 0% used [0x00000000d5580000,0x00000000d5580000,0x00000000df580000)
  from space 22528K, 99% used [0x00000000df580000,0x00000000e0b7cbf0,0x00000000e0b80000)
  to   space 28672K, 0% used [0x00000000e2480000,0x00000000e2480000,0x00000000e4080000)
 ParOldGen       total 150016K, used 43892K [0x0000000080000000, 0x0000000089280000, 0x00000000d5580000)
  object space 150016K, 29% used [0x0000000080000000,0x0000000082add2f8,0x0000000089280000)
 Metaspace       used 80717K, capacity 84542K, committed 84736K, reserved 1122304K
  class space    used 10753K, capacity 11501K, committed 11520K, reserved 1048576K
}
Event: 164.250 GC heap before
{Heap before GC invocations=19 (full 3):
 PSYoungGen      total 186368K, used 186354K [0x00000000d5580000, 0x00000000e4080000, 0x0000000100000000)
  eden space 163840K, 100% used [0x00000000d5580000,0x00000000df580000,0x00000000df580000)
  from space 22528K, 99% used [0x00000000df580000,0x00000000e0b7cbf0,0x00000000e0b80000)
  to   space 28672K, 0% used [0x00000000e2480000,0x00000000e2480000,0x00000000e4080000)
 ParOldGen       total 150016K, used 43892K [0x0000000080000000, 0x0000000089280000, 0x00000000d5580000)
  object space 150016K, 29% used [0x0000000080000000,0x0000000082add2f8,0x0000000089280000)
 Metaspace       used 89843K, capacity 95322K, committed 95488K, reserved 1132544K
  class space    used 12188K, capacity 13213K, committed 13312K, reserved 1048576K
Event: 164.298 GC heap after
Heap after GC invocations=19 (full 3):
 PSYoungGen      total 201728K, used 28669K [0x00000000d5580000, 0x00000000e5700000, 0x0000000100000000)
  eden space 173056K, 0% used [0x00000000d5580000,0x00000000d5580000,0x00000000dfe80000)
  from space 28672K, 99% used [0x00000000e2480000,0x00000000e407f590,0x00000000e4080000)
  to   space 38912K, 0% used [0x00000000dfe80000,0x00000000dfe80000,0x00000000e2480000)
 ParOldGen       total 150016K, used 60254K [0x0000000080000000, 0x0000000089280000, 0x00000000d5580000)
  object space 150016K, 40% used [0x0000000080000000,0x0000000083ad79b8,0x0000000089280000)
 Metaspace       used 89843K, capacity 95322K, committed 95488K, reserved 1132544K
  class space    used 12188K, capacity 13213K, committed 13312K, reserved 1048576K
}
Event: 267.090 GC heap before
{Heap before GC invocations=20 (full 3):
 PSYoungGen      total 201728K, used 166505K [0x00000000d5580000, 0x00000000e5700000, 0x0000000100000000)
  eden space 173056K, 79% used [0x00000000d5580000,0x00000000ddc1b1b0,0x00000000dfe80000)
  from space 28672K, 99% used [0x00000000e2480000,0x00000000e407f590,0x00000000e4080000)
  to   space 38912K, 0% used [0x00000000dfe80000,0x00000000dfe80000,0x00000000e2480000)
 ParOldGen       total 150016K, used 60254K [0x0000000080000000, 0x0000000089280000, 0x00000000d5580000)
  object space 150016K, 40% used [0x0000000080000000,0x0000000083ad79b8,0x0000000089280000)
 Metaspace       used 92668K, capacity 98357K, committed 98380K, reserved 1134592K
  class space    used 12552K, capacity 13621K, committed 13644K, reserved 1048576K
Event: 267.113 GC heap after
Heap after GC invocations=20 (full 3):
 PSYoungGen      total 211968K, used 6477K [0x00000000d5580000, 0x00000000e5600000, 0x0000000100000000)
  eden space 173056K, 0% used [0x00000000d5580000,0x00000000d5580000,0x00000000dfe80000)
  from space 38912K, 16% used [0x00000000dfe80000,0x00000000e04d3738,0x00000000e2480000)
  to   space 38400K, 0% used [0x00000000e3080000,0x00000000e3080000,0x00000000e5600000)
 ParOldGen       total 150016K, used 72515K [0x0000000080000000, 0x0000000089280000, 0x00000000d5580000)
  object space 150016K, 48% used [0x0000000080000000,0x00000000846d0fc8,0x0000000089280000)
 Metaspace       used 92668K, capacity 98357K, committed 98380K, reserved 1134592K
  class space    used 12552K, capacity 13621K, committed 13644K, reserved 1048576K
}
Event: 267.113 GC heap before
{Heap before GC invocations=21 (full 4):
 PSYoungGen      total 211968K, used 6477K [0x00000000d5580000, 0x00000000e5600000, 0x0000000100000000)
  eden space 173056K, 0% used [0x00000000d5580000,0x00000000d5580000,0x00000000dfe80000)
  from space 38912K, 16% used [0x00000000dfe80000,0x00000000e04d3738,0x00000000e2480000)
  to   space 38400K, 0% used [0x00000000e3080000,0x00000000e3080000,0x00000000e5600000)
 ParOldGen       total 150016K, used 72515K [0x0000000080000000, 0x0000000089280000, 0x00000000d5580000)
  object space 150016K, 48% used [0x0000000080000000,0x00000000846d0fc8,0x0000000089280000)
 Metaspace       used 92668K, capacity 98357K, committed 98380K, reserved 1134592K
  class space    used 12552K, capacity 13621K, committed 13644K, reserved 1048576K
Event: 267.362 GC heap after
Heap after GC invocations=21 (full 4):
 PSYoungGen      total 211968K, used 0K [0x00000000d5580000, 0x00000000e5600000, 0x0000000100000000)
  eden space 173056K, 0% used [0x00000000d5580000,0x00000000d5580000,0x00000000dfe80000)
  from space 38912K, 0% used [0x00000000dfe80000,0x00000000dfe80000,0x00000000e2480000)
  to   space 38400K, 0% used [0x00000000e3080000,0x00000000e3080000,0x00000000e5600000)
 ParOldGen       total 150016K, used 52351K [0x0000000080000000, 0x0000000089280000, 0x00000000d5580000)
  object space 150016K, 34% used [0x0000000080000000,0x000000008331fc10,0x0000000089280000)
 Metaspace       used 91966K, capacity 96375K, committed 98380K, reserved 1134592K
  class space    used 12315K, capacity 13206K, committed 13644K, reserved 1048576K
}

