# JRE version: OpenJDK Runtime Environment (8.0_242-b01) (build 1.8.0_242-release-1644-b01)
# Java VM: OpenJDK 64-Bit Server VM (25.242-b01 mixed mode windows-amd64 compressed oops)
Heap:
 PSYoungGen      total 224768K, used 75035K [0x00000000d5580000, 0x00000000e9d00000, 0x0000000100000000)
  eden space 205312K, 27% used [0x00000000d5580000,0x00000000d8bcc2f0,0x00000000e1e00000)
  from space 19456K, 99% used [0x00000000e1e00000,0x00000000e30facc8,0x00000000e3100000)
  to   space 24064K, 0% used [0x00000000e8580000,0x00000000e8580000,0x00000000e9d00000)
 ParOldGen       total 103936K, used 31740K [0x0000000080000000, 0x0000000086580000, 0x00000000d5580000)
  object space 103936K, 30% used [0x0000000080000000,0x0000000081eff358,0x0000000086580000)
 Metaspace       used 66058K, capacity 69474K, committed 69680K, reserved 1110016K
  class space    used 9020K, capacity 9694K, committed 9776K, reserved 1048576K
GC Heap History (10 events):
Event: 24.824 GC heap before
{Heap before GC invocations=12 (full 2):
 PSYoungGen      total 121344K, used 109568K [0x00000000d5580000, 0x00000000e0180000, 0x0000000100000000)
  eden space 109568K, 100% used [0x00000000d5580000,0x00000000dc080000,0x00000000dc080000)
  from space 11776K, 0% used [0x00000000dc080000,0x00000000dc080000,0x00000000dcc00000)
  to   space 11776K, 0% used [0x00000000df600000,0x00000000df600000,0x00000000e0180000)
 ParOldGen       total 75264K, used 15212K [0x0000000080000000, 0x0000000084980000, 0x00000000d5580000)
  object space 75264K, 20% used [0x0000000080000000,0x0000000080edb370,0x0000000084980000)
 Metaspace       used 44362K, capacity 45920K, committed 46128K, reserved 1089536K
  class space    used 6012K, capacity 6400K, committed 6448K, reserved 1048576K
Event: 24.839 GC heap after
Heap after GC invocations=12 (full 2):
 PSYoungGen      total 162304K, used 11748K [0x00000000d5580000, 0x00000000e0480000, 0x0000000100000000)
  eden space 150528K, 0% used [0x00000000d5580000,0x00000000d5580000,0x00000000de880000)
  from space 11776K, 99% used [0x00000000df600000,0x00000000e0179238,0x00000000e0180000)
  to   space 13824K, 0% used [0x00000000de880000,0x00000000de880000,0x00000000df600000)
 ParOldGen       total 75264K, used 16790K [0x0000000080000000, 0x0000000084980000, 0x00000000d5580000)
  object space 75264K, 22% used [0x0000000080000000,0x0000000081065b70,0x0000000084980000)
 Metaspace       used 44362K, capacity 45920K, committed 46128K, reserved 1089536K
  class space    used 6012K, capacity 6400K, committed 6448K, reserved 1048576K
}
Event: 29.413 GC heap before
{Heap before GC invocations=13 (full 2):
 PSYoungGen      total 162304K, used 162276K [0x00000000d5580000, 0x00000000e0480000, 0x0000000100000000)
  eden space 150528K, 100% used [0x00000000d5580000,0x00000000de880000,0x00000000de880000)
  from space 11776K, 99% used [0x00000000df600000,0x00000000e0179238,0x00000000e0180000)
  to   space 13824K, 0% used [0x00000000de880000,0x00000000de880000,0x00000000df600000)
 ParOldGen       total 75264K, used 16790K [0x0000000080000000, 0x0000000084980000, 0x00000000d5580000)
  object space 75264K, 22% used [0x0000000080000000,0x0000000081065b70,0x0000000084980000)
 Metaspace       used 56432K, capacity 58522K, committed 58672K, reserved 1099776K
  class space    used 7761K, capacity 8222K, committed 8240K, reserved 1048576K
Event: 29.441 GC heap after
Heap after GC invocations=13 (full 2):
 PSYoungGen      total 164352K, used 13804K [0x00000000d5580000, 0x00000000e4380000, 0x0000000100000000)
  eden space 150528K, 0% used [0x00000000d5580000,0x00000000d5580000,0x00000000de880000)
  from space 13824K, 99% used [0x00000000de880000,0x00000000df5fb318,0x00000000df600000)
  to   space 18944K, 0% used [0x00000000e3100000,0x00000000e3100000,0x00000000e4380000)
 ParOldGen       total 75264K, used 27133K [0x0000000080000000, 0x0000000084980000, 0x00000000d5580000)
  object space 75264K, 36% used [0x0000000080000000,0x0000000081a7f6e8,0x0000000084980000)
 Metaspace       used 56432K, capacity 58522K, committed 58672K, reserved 1099776K
  class space    used 7761K, capacity 8222K, committed 8240K, reserved 1048576K
}
Event: 29.540 GC heap before
{Heap before GC invocations=14 (full 2):
 PSYoungGen      total 164352K, used 22478K [0x00000000d5580000, 0x00000000e4380000, 0x0000000100000000)
  eden space 150528K, 5% used [0x00000000d5580000,0x00000000d5df87a8,0x00000000de880000)
  from space 13824K, 99% used [0x00000000de880000,0x00000000df5fb318,0x00000000df600000)
  to   space 18944K, 0% used [0x00000000e3100000,0x00000000e3100000,0x00000000e4380000)
 ParOldGen       total 75264K, used 27133K [0x0000000080000000, 0x0000000084980000, 0x00000000d5580000)
  object space 75264K, 36% used [0x0000000080000000,0x0000000081a7f6e8,0x0000000084980000)
 Metaspace       used 56939K, capacity 59060K, committed 59160K, reserved 1099776K
  class space    used 7831K, capacity 8301K, committed 8368K, reserved 1048576K
Event: 29.551 GC heap after
Heap after GC invocations=14 (full 2):
 PSYoungGen      total 224256K, used 896K [0x00000000d5580000, 0x00000000e5a80000, 0x0000000100000000)
  eden space 205312K, 0% used [0x00000000d5580000,0x00000000d5580000,0x00000000e1e00000)
  from space 18944K, 4% used [0x00000000e3100000,0x00000000e31e0010,0x00000000e4380000)
  to   space 19456K, 0% used [0x00000000e1e00000,0x00000000e1e00000,0x00000000e3100000)
 ParOldGen       total 75264K, used 36193K [0x0000000080000000, 0x0000000084980000, 0x00000000d5580000)
  object space 75264K, 48% used [0x0000000080000000,0x00000000823584c0,0x0000000084980000)
 Metaspace       used 56939K, capacity 59060K, committed 59160K, reserved 1099776K
  class space    used 7831K, capacity 8301K, committed 8368K, reserved 1048576K
}
Event: 29.551 GC heap before
{Heap before GC invocations=15 (full 3):
 PSYoungGen      total 224256K, used 896K [0x00000000d5580000, 0x00000000e5a80000, 0x0000000100000000)
  eden space 205312K, 0% used [0x00000000d5580000,0x00000000d5580000,0x00000000e1e00000)
  from space 18944K, 4% used [0x00000000e3100000,0x00000000e31e0010,0x00000000e4380000)
  to   space 19456K, 0% used [0x00000000e1e00000,0x00000000e1e00000,0x00000000e3100000)
 ParOldGen       total 75264K, used 36193K [0x0000000080000000, 0x0000000084980000, 0x00000000d5580000)
  object space 75264K, 48% used [0x0000000080000000,0x00000000823584c0,0x0000000084980000)
 Metaspace       used 56939K, capacity 59060K, committed 59160K, reserved 1099776K
  class space    used 7831K, capacity 8301K, committed 8368K, reserved 1048576K
Event: 29.852 GC heap after
Heap after GC invocations=15 (full 3):
 PSYoungGen      total 224256K, used 0K [0x00000000d5580000, 0x00000000e5a80000, 0x0000000100000000)
  eden space 205312K, 0% used [0x00000000d5580000,0x00000000d5580000,0x00000000e1e00000)
  from space 18944K, 0% used [0x00000000e3100000,0x00000000e3100000,0x00000000e4380000)
  to   space 19456K, 0% used [0x00000000e1e00000,0x00000000e1e00000,0x00000000e3100000)
 ParOldGen       total 103936K, used 28190K [0x0000000080000000, 0x0000000086580000, 0x00000000d5580000)
  object space 103936K, 27% used [0x0000000080000000,0x0000000081b87af0,0x0000000086580000)
 Metaspace       used 56907K, capacity 58952K, committed 59160K, reserved 1099776K
  class space    used 7822K, capacity 8283K, committed 8368K, reserved 1048576K
}
Event: 33.919 GC heap before
{Heap before GC invocations=16 (full 3):
 PSYoungGen      total 224256K, used 205312K [0x00000000d5580000, 0x00000000e5a80000, 0x0000000100000000)
  eden space 205312K, 100% used [0x00000000d5580000,0x00000000e1e00000,0x00000000e1e00000)
  from space 18944K, 0% used [0x00000000e3100000,0x00000000e3100000,0x00000000e4380000)
  to   space 19456K, 0% used [0x00000000e1e00000,0x00000000e1e00000,0x00000000e3100000)
 ParOldGen       total 103936K, used 28190K [0x0000000080000000, 0x0000000086580000, 0x00000000d5580000)
  object space 103936K, 27% used [0x0000000080000000,0x0000000081b87af0,0x0000000086580000)
 Metaspace       used 63763K, capacity 67160K, committed 67376K, reserved 1107968K
  class space    used 8779K, capacity 9451K, committed 9520K, reserved 1048576K
Event: 33.942 GC heap after
Heap after GC invocations=16 (full 3):
 PSYoungGen      total 224768K, used 19435K [0x00000000d5580000, 0x00000000e9d00000, 0x0000000100000000)
  eden space 205312K, 0% used [0x00000000d5580000,0x00000000d5580000,0x00000000e1e00000)
  from space 19456K, 99% used [0x00000000e1e00000,0x00000000e30facc8,0x00000000e3100000)
  to   space 24064K, 0% used [0x00000000e8580000,0x00000000e8580000,0x00000000e9d00000)
 ParOldGen       total 103936K, used 31740K [0x0000000080000000, 0x0000000086580000, 0x00000000d5580000)
  object space 103936K, 30% used [0x0000000080000000,0x0000000081eff358,0x0000000086580000)
 Metaspace       used 63763K, capacity 67160K, committed 67376K, reserved 1107968K
  class space    used 8779K, capacity 9451K, committed 9520K, reserved 1048576K
}

